info it worked if it ends with ok
verbose cli [ 'c:\\Program Files (x86)\\nodejs\\node.exe',
verbose cli   'c:\\Program Files (x86)\\nodejs\\node_modules\\npm\\bin\\npm-cli.js',
verbose cli   'install',
verbose cli   'mongod' ]
info using npm@1.1.0-3
info using node@v0.6.10
verbose config file C:\Users\Dan\.npmrc
verbose config file c:\Program Files (x86)\nodejs\etc\npmrc
verbose config file c:\Program Files (x86)\nodejs\node_modules\npm\npmrc
verbose mkdir done: C:\Users\Dan\AppData\Roaming\npm 755
verbose mkdir done: d:\Source\PersonalShopper 755
verbose cache add [ 'mongod', null ]
silly cache add: name, spec, args [ undefined, 'mongod', [ 'mongod', null ] ]
verbose parsed url { pathname: 'mongod', path: 'mongod', href: 'mongod' }
verbose addNamed [ 'mongod', '' ]
verbose addNamed [ null, '' ]
silly name, range, hasData [ 'mongod', '', false ]
verbose raw, before any munging mongod
verbose url resolving [ 'https://registry.npmjs.org/', './mongod' ]
verbose url resolved https://registry.npmjs.org/mongod
http GET https://registry.npmjs.org/mongod
http 404 https://registry.npmjs.org/mongod
silly get cb [ 404,
silly get cb   { server: 'CouchDB/1.1.0 (Erlang OTP/R14B04)',
silly get cb     date: 'Sun, 19 Feb 2012 20:02:41 GMT',
silly get cb     'content-type': 'application/json',
silly get cb     'content-length': '52',
silly get cb     'cache-control': 'must-revalidate' } ]
ERR! 404 'mongod' is not in the npm registry.
ERR! 404 You should bug the author to publish it
ERR! 404 Note that you can also install from a
ERR! 404 tarball, folder, or http url, or git url.
ERR! 
ERR! System Windows_NT 6.1.7601
ERR! command "c:\\Program Files (x86)\\nodejs\\node.exe" "c:\\Program Files (x86)\\nodejs\\node_modules\\npm\\bin\\npm-cli.js" "install" "mongod"
ERR! cwd d:\Source\PersonalShopper
ERR! node -v v0.6.10
ERR! npm -v 1.1.0-3
ERR! code E404
ERR! message 404 Not Found: mongod
ERR! errno {}
verbose exit [ 1, true ]
